  conta.cpp
  main.cpp
C:\DESENVOLVIMENTO\c++\aprendendo_c++\exercicio\First_Banc\First_Banc\main.cpp(1,1): warning C4828: O arquivo contém um caractere começando com o deslocamento 0x108 que é inválido no conjunto de caracteres de origem atual (página de código 65001).
C:\DESENVOLVIMENTO\c++\aprendendo_c++\exercicio\First_Banc\First_Banc\main.cpp(1,1): warning C4828: O arquivo contém um caractere começando com o deslocamento 0x132 que é inválido no conjunto de caracteres de origem atual (página de código 65001).
C:\DESENVOLVIMENTO\c++\aprendendo_c++\exercicio\First_Banc\First_Banc\main.cpp(1,1): warning C4828: O arquivo contém um caractere começando com o deslocamento 0x146 que é inválido no conjunto de caracteres de origem atual (página de código 65001).
C:\DESENVOLVIMENTO\c++\aprendendo_c++\exercicio\First_Banc\First_Banc\main.cpp(1,1): warning C4828: O arquivo contém um caractere começando com o deslocamento 0x159 que é inválido no conjunto de caracteres de origem atual (página de código 65001).
C:\DESENVOLVIMENTO\c++\aprendendo_c++\exercicio\First_Banc\First_Banc\main.cpp(1,1): warning C4828: O arquivo contém um caractere começando com o deslocamento 0x16d que é inválido no conjunto de caracteres de origem atual (página de código 65001).
C:\DESENVOLVIMENTO\c++\aprendendo_c++\exercicio\First_Banc\First_Banc\main.cpp(1,1): warning C4828: O arquivo contém um caractere começando com o deslocamento 0x1e6 que é inválido no conjunto de caracteres de origem atual (página de código 65001).
C:\DESENVOLVIMENTO\c++\aprendendo_c++\exercicio\First_Banc\First_Banc\main.cpp(1,1): warning C4828: O arquivo contém um caractere começando com o deslocamento 0x34c que é inválido no conjunto de caracteres de origem atual (página de código 65001).
C:\DESENVOLVIMENTO\c++\aprendendo_c++\exercicio\First_Banc\First_Banc\main.cpp(1,1): warning C4828: O arquivo contém um caractere começando com o deslocamento 0x381 que é inválido no conjunto de caracteres de origem atual (página de código 65001).
C:\DESENVOLVIMENTO\c++\aprendendo_c++\exercicio\First_Banc\First_Banc\main.cpp(1,1): warning C4828: O arquivo contém um caractere começando com o deslocamento 0x3e8 que é inválido no conjunto de caracteres de origem atual (página de código 65001).
C:\DESENVOLVIMENTO\c++\aprendendo_c++\exercicio\First_Banc\First_Banc\main.cpp(1,1): warning C4828: O arquivo contém um caractere começando com o deslocamento 0x54e que é inválido no conjunto de caracteres de origem atual (página de código 65001).
C:\DESENVOLVIMENTO\c++\aprendendo_c++\exercicio\First_Banc\First_Banc\main.cpp(1,1): warning C4828: O arquivo contém um caractere começando com o deslocamento 0x5db que é inválido no conjunto de caracteres de origem atual (página de código 65001).
C:\DESENVOLVIMENTO\c++\aprendendo_c++\exercicio\First_Banc\First_Banc\main.cpp(1,1): warning C4828: O arquivo contém um caractere começando com o deslocamento 0x616 que é inválido no conjunto de caracteres de origem atual (página de código 65001).
C:\DESENVOLVIMENTO\c++\aprendendo_c++\exercicio\First_Banc\First_Banc\main.cpp(1,1): warning C4828: O arquivo contém um caractere começando com o deslocamento 0x8a7 que é inválido no conjunto de caracteres de origem atual (página de código 65001).
C:\DESENVOLVIMENTO\c++\aprendendo_c++\exercicio\First_Banc\First_Banc\main.cpp(1,1): warning C4828: O arquivo contém um caractere começando com o deslocamento 0x902 que é inválido no conjunto de caracteres de origem atual (página de código 65001).
C:\DESENVOLVIMENTO\c++\aprendendo_c++\exercicio\First_Banc\First_Banc\main.cpp(1,1): warning C4828: O arquivo contém um caractere começando com o deslocamento 0xa3e que é inválido no conjunto de caracteres de origem atual (página de código 65001).
C:\DESENVOLVIMENTO\c++\aprendendo_c++\exercicio\First_Banc\First_Banc\main.cpp(1,1): warning C4828: O arquivo contém um caractere começando com o deslocamento 0xb31 que é inválido no conjunto de caracteres de origem atual (página de código 65001).
C:\DESENVOLVIMENTO\c++\aprendendo_c++\exercicio\First_Banc\First_Banc\main.cpp(1,1): warning C4828: O arquivo contém um caractere começando com o deslocamento 0xcd1 que é inválido no conjunto de caracteres de origem atual (página de código 65001).
C:\DESENVOLVIMENTO\c++\aprendendo_c++\exercicio\First_Banc\First_Banc\main.cpp(1,1): warning C4828: O arquivo contém um caractere começando com o deslocamento 0xcd4 que é inválido no conjunto de caracteres de origem atual (página de código 65001).
C:\DESENVOLVIMENTO\c++\aprendendo_c++\exercicio\First_Banc\First_Banc\main.cpp(1,1): warning C4828: O arquivo contém um caractere começando com o deslocamento 0xd68 que é inválido no conjunto de caracteres de origem atual (página de código 65001).
C:\DESENVOLVIMENTO\c++\aprendendo_c++\exercicio\First_Banc\First_Banc\main.cpp(1,1): warning C4828: O arquivo contém um caractere começando com o deslocamento 0xef2 que é inválido no conjunto de caracteres de origem atual (página de código 65001).
C:\DESENVOLVIMENTO\c++\aprendendo_c++\exercicio\First_Banc\First_Banc\main.cpp(1,1): warning C4828: O arquivo contém um caractere começando com o deslocamento 0x110a que é inválido no conjunto de caracteres de origem atual (página de código 65001).
C:\DESENVOLVIMENTO\c++\aprendendo_c++\exercicio\First_Banc\First_Banc\main.cpp(1,1): warning C4828: O arquivo contém um caractere começando com o deslocamento 0x11f0 que é inválido no conjunto de caracteres de origem atual (página de código 65001).
C:\DESENVOLVIMENTO\c++\aprendendo_c++\exercicio\First_Banc\First_Banc\main.cpp(1,1): warning C4828: O arquivo contém um caractere começando com o deslocamento 0x1371 que é inválido no conjunto de caracteres de origem atual (página de código 65001).
  usuarios.cpp
  Gerando Código...
C:\DESENVOLVIMENTO\c++\aprendendo_c++\exercicio\First_Banc\First_Banc\conta.cpp(119): warning C4172: retornando o endereço da variável local ou temporário: conta_temp
  First_Banc.vcxproj -> C:\DESENVOLVIMENTO\c++\aprendendo_c++\exercicio\First_Banc\x64\Debug\First_Banc.exe
